[INFO ] 2018-04-05 03:10:56.169 [main] qinsTest.test.testcases.TestBase - Initializing configuration ... 
[INFO ] 2018-04-05 03:10:56.170 [main] qinsTest.test.testcases.TestBase - Environment = qa
[INFO ] 2018-04-05 03:10:56.171 [main] qinsTest.test.testcases.TestBase - Config file initialized for environment = qa
[INFO ] 2018-04-05 03:10:56.171 [main] qinsTest.test.testcases.TestBase - Data file initialized for environment = qa
[INFO ] 2018-04-05 03:10:56.171 [main] qinsTest.test.testcases.TestBase - Initializing Screen Shot folder ... 
[INFO ] 2018-04-05 03:10:56.213 [main] qinsTest.test.testcases.TestBase - Initializing WebDriver ...
[INFO ] 2018-04-05 03:10:56.214 [main] qinsTest.test.testcases.TestBase - Starting Chrome Driver ... 
[INFO ] 2018-04-05 03:10:59.018 [main] qinsTest.test.testcases.TestCaseBase - initial log file ... 
[INFO ] 2018-04-05 03:10:59.019 [main] qinsTest.test.testcases.TestCaseBase - initializing screen shot folder
[INFO ] 2018-04-05 03:10:59.032 [main] qinsTest.test.testcases.TestCaseBase - Starting test case TestCase1
[ERROR] 2018-04-05 03:10:59.148 [main] qinsTest.test.testcases.TestCaseBase - Test qinsTest.test.testcases.TestCase1 >> ttest failed, please check!
[ERROR] 2018-04-05 03:10:59.606 [main] qinsTest.test.utils.ScreenShot - Captured Screenshot for Failure: E:\xuexi\GitHub\web-ui-automation\test-result\screen_shot\20180405031059151_qinsTest_test_testcases_TestCase1_ttest.png
[INFO ] 2018-04-05 03:11:00.234 [main] qinsTest.test.testcases.TestBase - Closing Browser.
[INFO ] 2018-04-05 03:13:30.406 [main] qinsTest.test.testcases.TestBase - Initializing configuration ... 
[INFO ] 2018-04-05 03:13:30.408 [main] qinsTest.test.testcases.TestBase - Environment = qa
[INFO ] 2018-04-05 03:13:30.408 [main] qinsTest.test.testcases.TestBase - Config file initialized for environment = qa
[INFO ] 2018-04-05 03:13:30.408 [main] qinsTest.test.testcases.TestBase - Data file initialized for environment = qa
[INFO ] 2018-04-05 03:13:30.408 [main] qinsTest.test.testcases.TestBase - Initializing Screen Shot folder ... 
[INFO ] 2018-04-05 03:13:30.441 [main] qinsTest.test.testcases.TestBase - Initializing WebDriver ...
[INFO ] 2018-04-05 03:13:30.442 [main] qinsTest.test.testcases.TestBase - Starting Chrome Driver ... 
[INFO ] 2018-04-05 03:13:33.133 [main] qinsTest.test.testcases.TestCaseBase - initial log file ... 
[INFO ] 2018-04-05 03:13:33.134 [main] qinsTest.test.testcases.TestCaseBase - initializing screen shot folder
[INFO ] 2018-04-05 03:13:33.143 [main] qinsTest.test.testcases.TestCaseBase - Starting test case TestCase1
[ERROR] 2018-04-05 03:13:33.230 [main] qinsTest.test.testcases.TestCaseBase - Test qinsTest.test.testcases.TestCase1 >> ttest failed, please check!
[ERROR] 2018-04-05 03:13:33.676 [main] qinsTest.test.utils.ScreenShot - Captured Screenshot for Failure: E:\xuexi\GitHub\web-ui-automation\test-result\screen_shot\20180405031333232_qinsTest_test_testcases_TestCase1_ttest.png
[INFO ] 2018-04-05 03:13:34.303 [main] qinsTest.test.testcases.TestBase - Closing Browser.
[INFO ] 2018-04-05 03:16:12.717 [main] qinsTest.test.testcases.TestBase - Initializing configuration ... 
[INFO ] 2018-04-05 03:16:12.718 [main] qinsTest.test.testcases.TestBase - Environment = qa
[INFO ] 2018-04-05 03:16:12.719 [main] qinsTest.test.testcases.TestBase - Config file initialized for environment = qa
[INFO ] 2018-04-05 03:16:12.719 [main] qinsTest.test.testcases.TestBase - Data file initialized for environment = qa
[INFO ] 2018-04-05 03:16:12.719 [main] qinsTest.test.testcases.TestBase - Initializing Screen Shot folder ... 
[INFO ] 2018-04-05 03:16:12.755 [main] qinsTest.test.testcases.TestBase - Initializing WebDriver ...
[INFO ] 2018-04-05 03:16:12.756 [main] qinsTest.test.testcases.TestBase - Starting Chrome Driver ... 
[INFO ] 2018-04-05 03:16:15.562 [main] qinsTest.test.testcases.TestCaseBase - initial log file ... 
[INFO ] 2018-04-05 03:16:15.563 [main] qinsTest.test.testcases.TestCaseBase - initializing screen shot folder
[INFO ] 2018-04-05 03:16:15.580 [main] qinsTest.test.testcases.TestCaseBase - Starting test case TestCase1
[ERROR] 2018-04-05 03:16:15.710 [main] qinsTest.test.testcases.TestCaseBase - Test qinsTest.test.testcases.TestCase1 >> ttest failed, please check!
[ERROR] 2018-04-05 03:16:16.187 [main] qinsTest.test.utils.ScreenShot - Captured Screenshot for Failure: E:\xuexi\GitHub\web-ui-automation\test-result\screen_shot\20180405031615714_qinsTest_test_testcases_TestCase1_ttest.png
[INFO ] 2018-04-05 03:16:16.812 [main] qinsTest.test.testcases.TestBase - Closing Browser.
[INFO ] 2018-04-05 03:16:37.225 [main] qinsTest.test.testcases.TestBase - Initializing configuration ... 
[INFO ] 2018-04-05 03:16:37.226 [main] qinsTest.test.testcases.TestBase - Environment = qa
[INFO ] 2018-04-05 03:16:37.226 [main] qinsTest.test.testcases.TestBase - Config file initialized for environment = qa
[INFO ] 2018-04-05 03:16:37.227 [main] qinsTest.test.testcases.TestBase - Data file initialized for environment = qa
[INFO ] 2018-04-05 03:16:37.227 [main] qinsTest.test.testcases.TestBase - Initializing Screen Shot folder ... 
[INFO ] 2018-04-05 03:16:37.258 [main] qinsTest.test.testcases.TestBase - Initializing WebDriver ...
[INFO ] 2018-04-05 03:16:37.259 [main] qinsTest.test.testcases.TestBase - Starting Chrome Driver ... 
[INFO ] 2018-04-05 03:16:39.904 [main] qinsTest.test.testcases.TestCaseBase - initial log file ... 
[INFO ] 2018-04-05 03:16:39.905 [main] qinsTest.test.testcases.TestCaseBase - initializing screen shot folder
[INFO ] 2018-04-05 03:16:39.921 [main] qinsTest.test.testcases.TestCaseBase - Starting test case TestCase1
[ERROR] 2018-04-05 03:16:39.962 [main] qinsTest.test.testcases.TestCaseBase - Test qinsTest.test.testcases.TestCase1 >> ttest failed, please check!
[ERROR] 2018-04-05 03:16:40.458 [main] qinsTest.test.utils.ScreenShot - Captured Screenshot for Failure: E:\xuexi\GitHub\web-ui-automation\test-result\screen_shot\20180405031639965_qinsTest_test_testcases_TestCase1_ttest.png
[INFO ] 2018-04-05 03:17:38.979 [main] qinsTest.test.testcases.TestBase - Initializing configuration ... 
[INFO ] 2018-04-05 03:17:38.980 [main] qinsTest.test.testcases.TestBase - Environment = qa
[INFO ] 2018-04-05 03:17:38.980 [main] qinsTest.test.testcases.TestBase - Config file initialized for environment = qa
[INFO ] 2018-04-05 03:17:38.980 [main] qinsTest.test.testcases.TestBase - Data file initialized for environment = qa
[INFO ] 2018-04-05 03:17:38.980 [main] qinsTest.test.testcases.TestBase - Initializing Screen Shot folder ... 
[INFO ] 2018-04-05 03:17:39.012 [main] qinsTest.test.testcases.TestBase - Initializing WebDriver ...
[INFO ] 2018-04-05 03:17:39.013 [main] qinsTest.test.testcases.TestBase - Starting Chrome Driver ... 
[INFO ] 2018-04-05 03:17:41.623 [main] qinsTest.test.testcases.TestCaseBase - initial log file ... 
[INFO ] 2018-04-05 03:17:41.624 [main] qinsTest.test.testcases.TestCaseBase - initializing screen shot folder
[INFO ] 2018-04-05 03:17:41.635 [main] qinsTest.test.testcases.TestCaseBase - Starting test case TestCase1
[INFO ] 2018-04-05 03:17:41.651 [main] qinsTest.test.Pages.Login - Go to weibo.com...
[INFO ] 2018-04-05 03:18:13.734 [main] qinsTest.test.testcases.TestCaseBase - Test case qinsTest.test.testcases.TestCase1 >> ttestrun successfully!
[INFO ] 2018-04-05 03:29:17.025 [main] qinsTest.test.testcases.TestBase - Initializing configuration ... 
[INFO ] 2018-04-05 03:29:17.027 [main] qinsTest.test.testcases.TestBase - Environment = qa
[INFO ] 2018-04-05 03:29:17.027 [main] qinsTest.test.testcases.TestBase - Config file initialized for environment = qa
[INFO ] 2018-04-05 03:29:17.027 [main] qinsTest.test.testcases.TestBase - Data file initialized for environment = qa
[INFO ] 2018-04-05 03:29:17.027 [main] qinsTest.test.testcases.TestBase - Initializing Screen Shot folder ... 
[INFO ] 2018-04-05 03:29:17.064 [main] qinsTest.test.testcases.TestBase - Initializing WebDriver ...
[INFO ] 2018-04-05 03:29:17.064 [main] qinsTest.test.testcases.TestBase - Starting Chrome Driver ... 
[INFO ] 2018-04-05 03:29:19.872 [main] qinsTest.test.testcases.TestCaseBase - initial log file ... 
[INFO ] 2018-04-05 03:29:19.873 [main] qinsTest.test.testcases.TestCaseBase - initializing screen shot folder
[INFO ] 2018-04-05 03:29:19.885 [main] qinsTest.test.testcases.TestCaseBase - Starting test case TestCase1
[INFO ] 2018-04-05 03:29:19.961 [main] qinsTest.test.Pages.Login - Go to weibo.com...
[ERROR] 2018-04-05 03:29:22.204 [main] qinsTest.test.testcases.TestCaseBase - Test qinsTest.test.testcases.TestCase1 >> ttest failed, please check!
[ERROR] 2018-04-05 03:29:22.636 [main] qinsTest.test.utils.ScreenShot - Captured Screenshot for Failure: E:\xuexi\GitHub\web-ui-automation\test-result\screen_shot\20180405032922207_qinsTest_test_testcases_TestCase1_ttest.png
[INFO ] 2018-04-05 03:29:23.390 [main] qinsTest.test.testcases.TestBase - Closing Browser.
[INFO ] 2018-04-05 03:31:37.422 [main] qinsTest.test.testcases.TestBase - Initializing configuration ... 
[INFO ] 2018-04-05 03:31:37.423 [main] qinsTest.test.testcases.TestBase - Environment = qa
[INFO ] 2018-04-05 03:31:37.424 [main] qinsTest.test.testcases.TestBase - Config file initialized for environment = qa
[INFO ] 2018-04-05 03:31:37.424 [main] qinsTest.test.testcases.TestBase - Data file initialized for environment = qa
[INFO ] 2018-04-05 03:31:37.424 [main] qinsTest.test.testcases.TestBase - Initializing Screen Shot folder ... 
[INFO ] 2018-04-05 03:31:37.460 [main] qinsTest.test.testcases.TestBase - Initializing WebDriver ...
[INFO ] 2018-04-05 03:31:37.461 [main] qinsTest.test.testcases.TestBase - Starting Chrome Driver ... 
[INFO ] 2018-04-05 03:31:40.114 [main] qinsTest.test.testcases.TestCaseBase - initial log file ... 
[INFO ] 2018-04-05 03:31:40.114 [main] qinsTest.test.testcases.TestCaseBase - initializing screen shot folder
[INFO ] 2018-04-05 03:31:40.129 [main] qinsTest.test.testcases.TestCaseBase - Starting test case TestCase1
[INFO ] 2018-04-05 03:31:40.234 [main] qinsTest.test.Pages.Login - Go to weibo.com...
[ERROR] 2018-04-05 03:32:11.104 [main] qinsTest.test.testcases.TestCaseBase - Test qinsTest.test.testcases.TestCase1 >> ttest failed, please check!
[ERROR] 2018-04-05 03:32:11.848 [main] qinsTest.test.utils.ScreenShot - Captured Screenshot for Failure: E:\xuexi\GitHub\web-ui-automation\test-result\screen_shot\20180405033211107_qinsTest_test_testcases_TestCase1_ttest.png
[INFO ] 2018-04-05 03:32:12.516 [main] qinsTest.test.testcases.TestBase - Closing Browser.
[INFO ] 2018-04-05 03:50:34.738 [main] qinsTest.test.testcases.TestBase - Initializing configuration ... 
[INFO ] 2018-04-05 03:50:34.739 [main] qinsTest.test.testcases.TestBase - Environment = qa
[INFO ] 2018-04-05 03:50:34.740 [main] qinsTest.test.testcases.TestBase - Config file initialized for environment = qa
[INFO ] 2018-04-05 03:50:34.740 [main] qinsTest.test.testcases.TestBase - Data file initialized for environment = qa
[INFO ] 2018-04-05 03:50:34.740 [main] qinsTest.test.testcases.TestBase - Initializing Screen Shot folder ... 
[INFO ] 2018-04-05 03:50:34.777 [main] qinsTest.test.testcases.TestBase - Initializing WebDriver ...
[INFO ] 2018-04-05 03:50:34.778 [main] qinsTest.test.testcases.TestBase - Starting Chrome Driver ... 
[INFO ] 2018-04-05 03:50:37.544 [main] qinsTest.test.testcases.TestCaseBase - initial log file ... 
[INFO ] 2018-04-05 03:50:37.545 [main] qinsTest.test.testcases.TestCaseBase - initializing screen shot folder
[INFO ] 2018-04-05 03:50:37.564 [main] qinsTest.test.testcases.TestCaseBase - Starting test case TestCase1
[INFO ] 2018-04-05 03:50:37.710 [main] qinsTest.test.Pages.Login - Go to weibo.com...
[ERROR] 2018-04-05 03:51:08.666 [main] qinsTest.test.testcases.TestCaseBase - Test qinsTest.test.testcases.TestCase1 >> ttest failed, please check!
[ERROR] 2018-04-05 03:51:09.234 [main] qinsTest.test.utils.ScreenShot - Captured Screenshot for Failure: E:\xuexi\GitHub\web-ui-automation\test-result\screen_shot\20180405035108667_qinsTest_test_testcases_TestCase1_ttest.png
[INFO ] 2018-04-05 03:51:09.891 [main] qinsTest.test.testcases.TestBase - Closing Browser.
[INFO ] 2018-04-05 18:25:21.857 [main] qinsTest.test.testcases.TestBase - Initializing configuration ... 
[INFO ] 2018-04-05 18:25:21.864 [main] qinsTest.test.testcases.TestBase - Environment = qa
[INFO ] 2018-04-05 18:25:21.864 [main] qinsTest.test.testcases.TestBase - Config file initialized for environment = qa
[INFO ] 2018-04-05 18:25:21.865 [main] qinsTest.test.testcases.TestBase - Data file initialized for environment = qa
[INFO ] 2018-04-05 18:25:21.865 [main] qinsTest.test.testcases.TestBase - Initializing Screen Shot folder ... 
[INFO ] 2018-04-05 18:25:21.902 [main] qinsTest.test.testcases.TestBase - Initializing WebDriver ...
[INFO ] 2018-04-05 18:25:21.903 [main] qinsTest.test.testcases.TestBase - Starting Chrome Driver ... 
[INFO ] 2018-04-05 18:25:26.598 [main] qinsTest.test.testcases.TestCaseBase - initial log file ... 
[INFO ] 2018-04-05 18:25:26.599 [main] qinsTest.test.testcases.TestCaseBase - initializing screen shot folder
[INFO ] 2018-04-05 18:25:26.614 [main] qinsTest.test.testcases.TestCaseBase - Starting test case TestCase1
[INFO ] 2018-04-05 18:25:26.732 [main] qinsTest.test.Pages.Login - Go to weibo.com...
[ERROR] 2018-04-05 18:25:57.354 [main] qinsTest.test.testcases.TestCaseBase - Test qinsTest.test.testcases.TestCase1 >> ttest failed, please check!
[ERROR] 2018-04-05 18:25:57.811 [main] qinsTest.test.utils.ScreenShot - Captured Screenshot for Failure: E:\xuexi\GitHub\web-ui-automation\test-result\screen_shot\20180405182557381_qinsTest_test_testcases_TestCase1_ttest.png
[INFO ] 2018-04-05 18:25:58.484 [main] qinsTest.test.testcases.TestBase - Closing Browser.
[INFO ] 2018-04-05 18:33:58.897 [main] qinsTest.test.testcases.TestBase - Initializing configuration ... 
[INFO ] 2018-04-05 18:33:58.898 [main] qinsTest.test.testcases.TestBase - Environment = qa
[INFO ] 2018-04-05 18:33:58.899 [main] qinsTest.test.testcases.TestBase - Config file initialized for environment = qa
[INFO ] 2018-04-05 18:33:58.899 [main] qinsTest.test.testcases.TestBase - Data file initialized for environment = qa
[INFO ] 2018-04-05 18:33:58.900 [main] qinsTest.test.testcases.TestBase - Initializing Screen Shot folder ... 
[INFO ] 2018-04-05 18:33:58.940 [main] qinsTest.test.testcases.TestBase - Initializing WebDriver ...
[INFO ] 2018-04-05 18:33:58.941 [main] qinsTest.test.testcases.TestBase - Starting Chrome Driver ... 
[INFO ] 2018-04-05 18:34:03.095 [main] qinsTest.test.testcases.TestCaseBase - initial log file ... 
[INFO ] 2018-04-05 18:34:03.096 [main] qinsTest.test.testcases.TestCaseBase - initializing screen shot folder
[INFO ] 2018-04-05 18:34:03.115 [main] qinsTest.test.testcases.TestCaseBase - Starting test case TestCase1
[INFO ] 2018-04-05 18:34:03.149 [main] qinsTest.test.Pages.Login - Go to weibo.com...
[ERROR] 2018-04-05 18:34:34.279 [main] qinsTest.test.testcases.TestCaseBase - Test qinsTest.test.testcases.TestCase1 >> ttest failed, please check!
[ERROR] 2018-04-05 18:34:35.339 [main] qinsTest.test.utils.ScreenShot - Captured Screenshot for Failure: E:\xuexi\GitHub\web-ui-automation\test-result\screen_shot\20180405183434286_qinsTest_test_testcases_TestCase1_ttest.png
[INFO ] 2018-04-05 18:34:36.071 [main] qinsTest.test.testcases.TestBase - Closing Browser.
[INFO ] 2018-04-05 18:35:53.589 [main] qinsTest.test.testcases.TestBase - Initializing configuration ... 
[INFO ] 2018-04-05 18:35:53.591 [main] qinsTest.test.testcases.TestBase - Environment = qa
[INFO ] 2018-04-05 18:35:53.592 [main] qinsTest.test.testcases.TestBase - Config file initialized for environment = qa
[INFO ] 2018-04-05 18:35:53.592 [main] qinsTest.test.testcases.TestBase - Data file initialized for environment = qa
[INFO ] 2018-04-05 18:35:53.592 [main] qinsTest.test.testcases.TestBase - Initializing Screen Shot folder ... 
[INFO ] 2018-04-05 18:35:53.636 [main] qinsTest.test.testcases.TestBase - Initializing WebDriver ...
[INFO ] 2018-04-05 18:35:53.636 [main] qinsTest.test.testcases.TestBase - Starting Chrome Driver ... 
[INFO ] 2018-04-05 18:35:57.645 [main] qinsTest.test.testcases.TestCaseBase - initial log file ... 
[INFO ] 2018-04-05 18:35:57.646 [main] qinsTest.test.testcases.TestCaseBase - initializing screen shot folder
[INFO ] 2018-04-05 18:35:57.669 [main] qinsTest.test.testcases.TestCaseBase - Starting test case TestCase1
[INFO ] 2018-04-05 18:35:57.759 [main] qinsTest.test.Pages.Login - Go to weibo.com...
[WARN ] 2018-04-05 18:35:59.826 [main] qinsTest.test.Pages.PageBase - No alert pop-up, continue ... 
[ERROR] 2018-04-05 18:36:30.474 [main] qinsTest.test.testcases.TestCaseBase - Test qinsTest.test.testcases.TestCase1 >> ttest failed, please check!
[ERROR] 2018-04-05 18:36:31.124 [main] qinsTest.test.utils.ScreenShot - Captured Screenshot for Failure: E:\xuexi\GitHub\web-ui-automation\test-result\screen_shot\20180405183630475_qinsTest_test_testcases_TestCase1_ttest.png
[INFO ] 2018-04-05 18:36:31.793 [main] qinsTest.test.testcases.TestBase - Closing Browser.
[INFO ] 2018-04-05 18:48:28.061 [main] qinsTest.test.testcases.TestBase - Initializing configuration ... 
[INFO ] 2018-04-05 18:48:28.063 [main] qinsTest.test.testcases.TestBase - Environment = qa
[INFO ] 2018-04-05 18:48:28.064 [main] qinsTest.test.testcases.TestBase - Config file initialized for environment = qa
[INFO ] 2018-04-05 18:48:28.064 [main] qinsTest.test.testcases.TestBase - Data file initialized for environment = qa
[INFO ] 2018-04-05 18:48:28.065 [main] qinsTest.test.testcases.TestBase - Initializing Screen Shot folder ... 
[INFO ] 2018-04-05 18:48:28.117 [main] qinsTest.test.testcases.TestBase - Initializing WebDriver ...
[INFO ] 2018-04-05 18:48:28.118 [main] qinsTest.test.testcases.TestBase - Starting Chrome Driver ... 
[INFO ] 2018-04-05 18:48:32.382 [main] qinsTest.test.testcases.TestCaseBase - initial log file ... 
[INFO ] 2018-04-05 18:48:32.382 [main] qinsTest.test.testcases.TestCaseBase - initializing screen shot folder
[INFO ] 2018-04-05 18:48:32.393 [main] qinsTest.test.testcases.TestCaseBase - Starting test case TestCase1
[INFO ] 2018-04-05 18:48:32.424 [main] qinsTest.test.Pages.Login - Go to weibo.com...
[WARN ] 2018-04-05 18:48:35.041 [main] qinsTest.test.Pages.PageBase - No alert pop-up, continue ... 
[ERROR] 2018-04-05 18:49:05.151 [main] qinsTest.test.testcases.TestCaseBase - Test qinsTest.test.testcases.TestCase1 >> ttest failed, please check!
[ERROR] 2018-04-05 18:49:05.838 [main] qinsTest.test.utils.ScreenShot - Captured Screenshot for Failure: E:\xuexi\GitHub\web-ui-automation\test-result\screen_shot\20180405184905153_qinsTest_test_testcases_TestCase1_ttest.png
[INFO ] 2018-04-05 18:49:06.496 [main] qinsTest.test.testcases.TestBase - Closing Browser.
[INFO ] 2018-04-05 19:04:10.903 [main] qinsTest.test.testcases.TestBase - Initializing configuration ... 
[INFO ] 2018-04-05 19:04:10.905 [main] qinsTest.test.testcases.TestBase - Environment = qa
[INFO ] 2018-04-05 19:04:10.906 [main] qinsTest.test.testcases.TestBase - Config file initialized for environment = qa
[INFO ] 2018-04-05 19:04:10.906 [main] qinsTest.test.testcases.TestBase - Data file initialized for environment = qa
[INFO ] 2018-04-05 19:04:10.906 [main] qinsTest.test.testcases.TestBase - Initializing Screen Shot folder ... 
[INFO ] 2018-04-05 19:04:10.956 [main] qinsTest.test.testcases.TestBase - Initializing WebDriver ...
[INFO ] 2018-04-05 19:04:10.957 [main] qinsTest.test.testcases.TestBase - Starting Chrome Driver ... 
[INFO ] 2018-04-05 19:04:15.074 [main] qinsTest.test.testcases.TestCaseBase - initial log file ... 
[INFO ] 2018-04-05 19:04:15.075 [main] qinsTest.test.testcases.TestCaseBase - initializing screen shot folder
[INFO ] 2018-04-05 19:04:15.086 [main] qinsTest.test.testcases.TestCaseBase - Starting test case TestCase1
[INFO ] 2018-04-05 19:04:15.118 [main] qinsTest.test.Pages.Login - Go to weibo.com...
[WARN ] 2018-04-05 19:04:27.191 [main] qinsTest.test.Pages.PageBase - No alert pop-up, continue ... 
[ERROR] 2018-04-05 19:04:57.304 [main] qinsTest.test.testcases.TestCaseBase - Test qinsTest.test.testcases.TestCase1 >> ttest failed, please check!
[ERROR] 2018-04-05 19:04:57.941 [main] qinsTest.test.utils.ScreenShot - Captured Screenshot for Failure: E:\xuexi\GitHub\web-ui-automation\test-result\screen_shot\20180405190457306_qinsTest_test_testcases_TestCase1_ttest.png
[INFO ] 2018-04-05 19:04:58.616 [main] qinsTest.test.testcases.TestBase - Closing Browser.
[INFO ] 2018-04-05 20:06:18.982 [main] qinsTest.test.testcases.TestBase - Initializing configuration ... 
[INFO ] 2018-04-05 20:06:18.984 [main] qinsTest.test.testcases.TestBase - Environment = qa
[INFO ] 2018-04-05 20:06:18.985 [main] qinsTest.test.testcases.TestBase - Config file initialized for environment = qa
[INFO ] 2018-04-05 20:06:18.985 [main] qinsTest.test.testcases.TestBase - Data file initialized for environment = qa
[INFO ] 2018-04-05 20:06:18.985 [main] qinsTest.test.testcases.TestBase - Initializing Screen Shot folder ... 
[INFO ] 2018-04-05 20:06:19.033 [main] qinsTest.test.testcases.TestBase - Initializing WebDriver ...
[INFO ] 2018-04-05 20:06:19.033 [main] qinsTest.test.testcases.TestBase - Starting Chrome Driver ... 
[INFO ] 2018-04-05 20:06:23.055 [main] qinsTest.test.testcases.TestCaseBase - initial log file ... 
[INFO ] 2018-04-05 20:06:23.056 [main] qinsTest.test.testcases.TestCaseBase - initializing screen shot folder
[INFO ] 2018-04-05 20:06:23.072 [main] qinsTest.test.testcases.TestCaseBase - Starting test case TestCase1
[INFO ] 2018-04-05 20:06:23.197 [main] qinsTest.test.Pages.Login - Go to weibo.com...
[WARN ] 2018-04-05 20:06:34.256 [main] qinsTest.test.Pages.PageBase - No alert pop-up, continue ... 
[ERROR] 2018-04-05 20:07:04.357 [main] qinsTest.test.testcases.TestCaseBase - Test qinsTest.test.testcases.TestCase1 >> ttest failed, please check!
[ERROR] 2018-04-05 20:07:04.986 [main] qinsTest.test.utils.ScreenShot - Captured Screenshot for Failure: E:\xuexi\GitHub\web-ui-automation\test-result\screen_shot\20180405200704359_qinsTest_test_testcases_TestCase1_ttest.png
[INFO ] 2018-04-05 20:07:05.637 [main] qinsTest.test.testcases.TestBase - Closing Browser.
[INFO ] 2018-04-05 20:14:57.783 [main] qinsTest.test.testcases.TestBase - Initializing configuration ... 
[INFO ] 2018-04-05 20:14:57.784 [main] qinsTest.test.testcases.TestBase - Environment = qa
[INFO ] 2018-04-05 20:14:57.785 [main] qinsTest.test.testcases.TestBase - Config file initialized for environment = qa
[INFO ] 2018-04-05 20:14:57.785 [main] qinsTest.test.testcases.TestBase - Data file initialized for environment = qa
[INFO ] 2018-04-05 20:14:57.785 [main] qinsTest.test.testcases.TestBase - Initializing Screen Shot folder ... 
[INFO ] 2018-04-05 20:14:57.823 [main] qinsTest.test.testcases.TestBase - Initializing WebDriver ...
[INFO ] 2018-04-05 20:14:57.823 [main] qinsTest.test.testcases.TestBase - Starting Chrome Driver ... 
[INFO ] 2018-04-05 20:15:07.939 [main] qinsTest.test.testcases.TestCaseBase - initial log file ... 
[INFO ] 2018-04-05 20:15:07.940 [main] qinsTest.test.testcases.TestCaseBase - initializing screen shot folder
[INFO ] 2018-04-05 20:15:07.957 [main] qinsTest.test.testcases.TestCaseBase - Starting test case TestCase1
[INFO ] 2018-04-05 20:15:08.063 [main] qinsTest.test.Pages.Login - Go to weibo.com...
[WARN ] 2018-04-05 20:16:36.452 [main] qinsTest.test.Pages.PageBase - No alert pop-up, continue ... 
[INFO ] 2018-04-05 20:17:38.308 [main] qinsTest.test.testcases.TestBase - Initializing configuration ... 
[INFO ] 2018-04-05 20:17:38.310 [main] qinsTest.test.testcases.TestBase - Environment = qa
[INFO ] 2018-04-05 20:17:38.311 [main] qinsTest.test.testcases.TestBase - Config file initialized for environment = qa
[INFO ] 2018-04-05 20:17:38.311 [main] qinsTest.test.testcases.TestBase - Data file initialized for environment = qa
[INFO ] 2018-04-05 20:17:38.311 [main] qinsTest.test.testcases.TestBase - Initializing Screen Shot folder ... 
[INFO ] 2018-04-05 20:17:38.352 [main] qinsTest.test.testcases.TestBase - Initializing WebDriver ...
[INFO ] 2018-04-05 20:17:38.353 [main] qinsTest.test.testcases.TestBase - Starting Chrome Driver ... 
[INFO ] 2018-04-05 20:17:42.219 [main] qinsTest.test.testcases.TestCaseBase - initial log file ... 
[INFO ] 2018-04-05 20:17:42.220 [main] qinsTest.test.testcases.TestCaseBase - initializing screen shot folder
[INFO ] 2018-04-05 20:17:42.230 [main] qinsTest.test.testcases.TestCaseBase - Starting test case TestCase1
[INFO ] 2018-04-05 20:17:42.325 [main] qinsTest.test.Pages.Login - Go to weibo.com...
[WARN ] 2018-04-05 20:18:50.862 [main] qinsTest.test.Pages.PageBase - No alert pop-up, continue ... 
[ERROR] 2018-04-05 20:19:20.975 [main] qinsTest.test.testcases.TestCaseBase - Test qinsTest.test.testcases.TestCase1 >> ttest failed, please check!
[ERROR] 2018-04-05 20:19:21.727 [main] qinsTest.test.utils.ScreenShot - Captured Screenshot for Failure: E:\xuexi\GitHub\web-ui-automation\test-result\screen_shot\20180405201920976_qinsTest_test_testcases_TestCase1_ttest.png
[INFO ] 2018-04-05 20:19:22.408 [main] qinsTest.test.testcases.TestBase - Closing Browser.
[INFO ] 2018-04-05 20:41:48.264 [main] qinsTest.test.testcases.TestBase - Initializing configuration ... 
[INFO ] 2018-04-05 20:41:48.266 [main] qinsTest.test.testcases.TestBase - Environment = qa
[INFO ] 2018-04-05 20:41:48.267 [main] qinsTest.test.testcases.TestBase - Config file initialized for environment = qa
[INFO ] 2018-04-05 20:41:48.267 [main] qinsTest.test.testcases.TestBase - Data file initialized for environment = qa
[INFO ] 2018-04-05 20:41:48.267 [main] qinsTest.test.testcases.TestBase - Initializing Screen Shot folder ... 
[INFO ] 2018-04-05 20:41:48.306 [main] qinsTest.test.testcases.TestBase - Initializing WebDriver ...
[INFO ] 2018-04-05 20:41:48.307 [main] qinsTest.test.testcases.TestBase - Starting Chrome Driver ... 
[INFO ] 2018-04-05 20:41:52.273 [main] qinsTest.test.testcases.TestCaseBase - initial log file ... 
[INFO ] 2018-04-05 20:41:52.273 [main] qinsTest.test.testcases.TestCaseBase - initializing screen shot folder
[INFO ] 2018-04-05 20:41:52.280 [main] qinsTest.test.testcases.TestCaseBase - Starting test case TestCase1
[INFO ] 2018-04-05 20:41:52.302 [main] qinsTest.test.Pages.Login - Go to weibo.com...
[WARN ] 2018-04-05 20:43:17.583 [main] qinsTest.test.Pages.PageBase - No alert pop-up, continue ... 
[INFO ] 2018-04-05 20:43:17.584 [main] qinsTest.test.Pages.Login - Loaded https://weibo.com!
[ERROR] 2018-04-05 20:43:18.120 [main] qinsTest.test.testcases.TestCaseBase - Test qinsTest.test.testcases.TestCase1 >> ttest failed, please check!
[ERROR] 2018-04-05 20:43:18.869 [main] qinsTest.test.utils.ScreenShot - Captured Screenshot for Failure: E:\xuexi\GitHub\web-ui-automation\test-result\screen_shot\20180405204318121_qinsTest_test_testcases_TestCase1_ttest.png
[INFO ] 2018-04-05 20:43:19.574 [main] qinsTest.test.testcases.TestBase - Closing Browser.
[INFO ] 2018-04-05 20:44:12.138 [main] qinsTest.test.testcases.TestBase - Initializing configuration ... 
[INFO ] 2018-04-05 20:44:12.139 [main] qinsTest.test.testcases.TestBase - Environment = qa
[INFO ] 2018-04-05 20:44:12.140 [main] qinsTest.test.testcases.TestBase - Config file initialized for environment = qa
[INFO ] 2018-04-05 20:44:12.140 [main] qinsTest.test.testcases.TestBase - Data file initialized for environment = qa
[INFO ] 2018-04-05 20:44:12.140 [main] qinsTest.test.testcases.TestBase - Initializing Screen Shot folder ... 
[INFO ] 2018-04-05 20:44:12.179 [main] qinsTest.test.testcases.TestBase - Initializing WebDriver ...
[INFO ] 2018-04-05 20:44:12.179 [main] qinsTest.test.testcases.TestBase - Starting Chrome Driver ... 
[INFO ] 2018-04-05 20:44:16.484 [main] qinsTest.test.testcases.TestCaseBase - initial log file ... 
[INFO ] 2018-04-05 20:44:16.484 [main] qinsTest.test.testcases.TestCaseBase - initializing screen shot folder
[INFO ] 2018-04-05 20:44:16.497 [main] qinsTest.test.testcases.TestCaseBase - Starting test case TestCase1
[INFO ] 2018-04-05 20:44:16.539 [main] qinsTest.test.Pages.Login - Go to weibo.com...
[INFO ] 2018-04-05 20:44:28.683 [main] qinsTest.test.Pages.Login - Loaded https://weibo.com!
[INFO ] 2018-04-05 20:46:57.564 [main] qinsTest.test.testcases.TestBase - Initializing configuration ... 
[INFO ] 2018-04-05 20:46:57.565 [main] qinsTest.test.testcases.TestBase - Environment = qa
[INFO ] 2018-04-05 20:46:57.566 [main] qinsTest.test.testcases.TestBase - Config file initialized for environment = qa
[INFO ] 2018-04-05 20:46:57.566 [main] qinsTest.test.testcases.TestBase - Data file initialized for environment = qa
[INFO ] 2018-04-05 20:46:57.567 [main] qinsTest.test.testcases.TestBase - Initializing Screen Shot folder ... 
[INFO ] 2018-04-05 20:46:57.609 [main] qinsTest.test.testcases.TestBase - Initializing WebDriver ...
[INFO ] 2018-04-05 20:46:57.610 [main] qinsTest.test.testcases.TestBase - Starting Chrome Driver ... 
[INFO ] 2018-04-05 20:47:08.339 [main] qinsTest.test.testcases.TestCaseBase - initial log file ... 
[INFO ] 2018-04-05 20:47:08.340 [main] qinsTest.test.testcases.TestCaseBase - initializing screen shot folder
[INFO ] 2018-04-05 20:47:08.358 [main] qinsTest.test.testcases.TestCaseBase - Starting test case TestCase1
[INFO ] 2018-04-05 20:47:08.412 [main] qinsTest.test.Pages.Login - Go to weibo.com...
[INFO ] 2018-04-05 20:47:27.190 [main] qinsTest.test.Pages.Login - Loaded https://weibo.com!
[ERROR] 2018-04-05 20:48:55.706 [main] qinsTest.test.testcases.TestCaseBase - Test qinsTest.test.testcases.TestCase1 >> ttest failed, please check!
[ERROR] 2018-04-05 20:48:56.434 [main] qinsTest.test.utils.ScreenShot - Captured Screenshot for Failure: E:\xuexi\GitHub\web-ui-automation\test-result\screen_shot\20180405204855709_qinsTest_test_testcases_TestCase1_ttest.png
[INFO ] 2018-04-05 20:48:57.134 [main] qinsTest.test.testcases.TestBase - Closing Browser.
[INFO ] 2018-04-05 20:49:49.053 [main] qinsTest.test.testcases.TestBase - Initializing configuration ... 
[INFO ] 2018-04-05 20:49:49.054 [main] qinsTest.test.testcases.TestBase - Environment = qa
[INFO ] 2018-04-05 20:49:49.055 [main] qinsTest.test.testcases.TestBase - Config file initialized for environment = qa
[INFO ] 2018-04-05 20:49:49.055 [main] qinsTest.test.testcases.TestBase - Data file initialized for environment = qa
[INFO ] 2018-04-05 20:49:49.055 [main] qinsTest.test.testcases.TestBase - Initializing Screen Shot folder ... 
[INFO ] 2018-04-05 20:49:49.090 [main] qinsTest.test.testcases.TestBase - Initializing WebDriver ...
[INFO ] 2018-04-05 20:49:49.090 [main] qinsTest.test.testcases.TestBase - Starting Chrome Driver ... 
[INFO ] 2018-04-05 20:49:52.836 [main] qinsTest.test.testcases.TestCaseBase - initial log file ... 
[INFO ] 2018-04-05 20:49:52.837 [main] qinsTest.test.testcases.TestCaseBase - initializing screen shot folder
[INFO ] 2018-04-05 20:49:52.843 [main] qinsTest.test.testcases.TestCaseBase - Starting test case TestCase1
[INFO ] 2018-04-05 20:49:52.870 [main] qinsTest.test.Pages.Login - Go to weibo.com...
[INFO ] 2018-04-05 20:49:59.595 [main] qinsTest.test.Pages.Login - Loaded https://weibo.com!
[INFO ] 2018-04-05 20:50:29.832 [main] qinsTest.test.Pages.Login - login input actived!
[ERROR] 2018-04-05 20:50:29.976 [main] qinsTest.test.testcases.TestCaseBase - Test qinsTest.test.testcases.TestCase1 >> ttest failed, please check!
[ERROR] 2018-04-05 20:50:30.702 [main] qinsTest.test.utils.ScreenShot - Captured Screenshot for Failure: E:\xuexi\GitHub\web-ui-automation\test-result\screen_shot\20180405205029979_qinsTest_test_testcases_TestCase1_ttest.png
[INFO ] 2018-04-05 20:50:31.377 [main] qinsTest.test.testcases.TestBase - Closing Browser.
[INFO ] 2018-04-05 20:55:49.687 [main] qinsTest.test.testcases.TestBase - Initializing configuration ... 
[INFO ] 2018-04-05 20:55:49.688 [main] qinsTest.test.testcases.TestBase - Environment = qa
[INFO ] 2018-04-05 20:55:49.689 [main] qinsTest.test.testcases.TestBase - Config file initialized for environment = qa
[INFO ] 2018-04-05 20:55:49.689 [main] qinsTest.test.testcases.TestBase - Data file initialized for environment = qa
[INFO ] 2018-04-05 20:55:49.689 [main] qinsTest.test.testcases.TestBase - Initializing Screen Shot folder ... 
[INFO ] 2018-04-05 20:55:49.728 [main] qinsTest.test.testcases.TestBase - Initializing WebDriver ...
[INFO ] 2018-04-05 20:55:49.728 [main] qinsTest.test.testcases.TestBase - Starting Chrome Driver ... 
[INFO ] 2018-04-05 20:55:53.792 [main] qinsTest.test.testcases.TestCaseBase - initial log file ... 
[INFO ] 2018-04-05 20:55:53.793 [main] qinsTest.test.testcases.TestCaseBase - initializing screen shot folder
[INFO ] 2018-04-05 20:55:53.811 [main] qinsTest.test.testcases.TestCaseBase - Starting test case TestCase1
[INFO ] 2018-04-05 20:55:53.890 [main] qinsTest.test.Pages.Login - Go to weibo.com...
[INFO ] 2018-04-05 20:55:55.782 [main] qinsTest.test.Pages.Login - Loaded https://weibo.com!
[INFO ] 2018-04-05 20:56:19.456 [main] qinsTest.test.Pages.Login - login input actived!
[INFO ] 2018-04-05 20:56:20.269 [main] qinsTest.test.testcases.TestCaseBase - Test case qinsTest.test.testcases.TestCase1 >> ttestrun successfully!
[INFO ] 2018-04-05 20:56:21.425 [main] qinsTest.test.testcases.TestBase - Closing Browser.
